<?xml version="1.0" encoding="UTF-8"?>
<testng-results skipped="0" failed="0" ignored="0" total="1" passed="1">
  <reporter-output>
  </reporter-output>
  <suite name="Default suite" duration-ms="7909" started-at="2020-11-12T06:38:44Z" finished-at="2020-11-12T06:38:52Z">
    <groups>
    </groups>
    <test name="Default test" duration-ms="7909" started-at="2020-11-12T06:38:44Z" finished-at="2020-11-12T06:38:52Z">
      <class name="testcases.TC001Test">
        <test-method status="PASS" signature="fbLogin()[pri:0, instance:testcases.TC001Test@1b604f19]" name="fbLogin" duration-ms="7876" started-at="2020-11-12T06:38:44Z" finished-at="2020-11-12T06:38:52Z">
          <reporter-output>
          </reporter-output>
        </test-method> <!-- fbLogin -->
      </class> <!-- testcases.TC001Test -->
    </test> <!-- Default test -->
  </suite> <!-- Default suite -->
</testng-results>
